TN:
SF:index.js
FN:63,(anonymous_0)
FN:63,(anonymous_1)
FN:64,(anonymous_2)
FN:67,(anonymous_3)
FN:67,(anonymous_4)
FN:77,startServer
FN:84,(anonymous_6)
FN:90,(anonymous_7)
FNF:8
FNH:1
FNDA:0,(anonymous_0)
FNDA:0,(anonymous_1)
FNDA:0,(anonymous_2)
FNDA:0,(anonymous_3)
FNDA:0,(anonymous_4)
FNDA:2,startServer
FNDA:0,(anonymous_6)
FNDA:0,(anonymous_7)
DA:2,2
DA:3,2
DA:4,2
DA:5,2
DA:6,2
DA:7,2
DA:8,2
DA:9,2
DA:10,2
DA:13,2
DA:14,2
DA:17,2
DA:18,2
DA:21,2
DA:24,2
DA:27,2
DA:45,2
DA:61,2
DA:63,0
DA:64,0
DA:67,0
DA:72,2
DA:78,2
DA:81,2
DA:84,0
DA:89,2
DA:90,0
DA:91,0
DA:92,0
DA:93,0
DA:94,0
DA:99,2
DA:101,2
LF:33
LH:24
BRDA:89,0,0,0
BRDA:89,0,1,2
BRF:2
BRH:1
end_of_record
TN:
SF:src/config/database.js
FNF:0
FNH:0
DA:1,1
DA:2,1
DA:4,1
DA:15,1
LF:4
LH:4
BRF:0
BRH:0
end_of_record
TN:
SF:src/config/swagger.js
FN:24,(anonymous_0)
FNF:1
FNH:1
FNDA:2,(anonymous_0)
DA:1,2
DA:2,2
DA:4,2
DA:22,2
DA:24,2
DA:25,2
DA:28,2
LF:7
LH:7
BRF:0
BRH:0
end_of_record
TN:
SF:src/controllers/ProductController.js
FN:4,(anonymous_0)
FN:21,(anonymous_1)
FN:31,(anonymous_2)
FN:43,(anonymous_3)
FN:61,(anonymous_4)
FN:76,(anonymous_5)
FNF:6
FNH:6
FNDA:4,(anonymous_0)
FNDA:3,(anonymous_1)
FNDA:5,(anonymous_2)
FNDA:4,(anonymous_3)
FNDA:5,(anonymous_4)
FNDA:5,(anonymous_5)
DA:1,2
DA:4,2
DA:5,4
DA:6,4
DA:9,4
DA:10,1
DA:13,3
DA:14,2
DA:16,1
DA:21,2
DA:22,3
DA:23,3
DA:24,2
DA:26,1
DA:31,2
DA:32,5
DA:33,5
DA:35,4
DA:36,2
DA:38,1
DA:43,2
DA:44,4
DA:45,4
DA:49,3
DA:51,2
DA:52,2
DA:56,1
DA:61,2
DA:62,5
DA:63,5
DA:66,4
DA:67,2
DA:69,1
DA:76,2
DA:77,5
DA:78,5
DA:79,5
DA:82,5
DA:83,1
DA:86,4
DA:88,4
DA:89,1
DA:93,3
DA:94,1
DA:98,2
DA:100,2
DA:104,1
DA:108,1
LF:48
LH:48
BRDA:9,0,0,1
BRDA:9,0,1,3
BRDA:9,1,0,4
BRDA:9,1,1,3
BRDA:9,1,2,3
BRDA:9,1,3,3
BRDA:35,2,0,2
BRDA:35,2,1,2
BRDA:49,3,0,1
BRDA:49,3,1,2
BRDA:66,4,0,2
BRDA:66,4,1,2
BRDA:82,5,0,1
BRDA:82,5,1,4
BRDA:88,6,0,1
BRDA:88,6,1,3
BRDA:93,7,0,1
BRDA:93,7,1,2
BRF:18
BRH:18
end_of_record
TN:
SF:src/models/Product.js
FNF:0
FNH:0
DA:1,1
DA:2,1
DA:4,1
DA:38,1
LF:4
LH:4
BRF:0
BRH:0
end_of_record
TN:
SF:src/routes/product.routes.js
FNF:0
FNH:0
DA:1,2
DA:2,2
DA:3,2
DA:50,2
DA:88,2
DA:115,2
DA:144,2
DA:181,2
DA:205,2
DA:207,2
LF:10
LH:10
BRF:0
BRH:0
end_of_record
